<?xml version="1.0" encoding="UTF-8"?>
<!-- Generated by org.testng.reporters.JUnitReportReporter -->
<testsuite hostname="Tamiduk" failures="0" tests="1" name="test.Test1" time="9.391" errors="0" timestamp="22 Jun 2023 21:30:56 GMT" skipped="0">
  <testcase classname="test.Test1" name="login" time="9.391"/>
</testsuite> <!-- test.Test1 -->
