<?xml version="1.0" encoding="UTF-8"?>
<!-- Generated by org.testng.reporters.JUnitReportReporter -->
<testsuite hostname="Tamiduk" failures="0" tests="1" name="test.Test1" time="9.254" errors="0" timestamp="23 Jun 2023 16:43:00 GMT" skipped="0">
  <testcase classname="test.Test1" name="login" time="9.254"/>
</testsuite> <!-- test.Test1 -->
